0 info it worked if it ends with ok
1 verbose cli [ '/usr/local/bin/node', '/usr/local/bin/npm', 'publish', './' ]
2 info using npm@1.2.15
3 info using node@v0.10.2
4 verbose publish [ './' ]
5 verbose read json /home/fetcher/Code/monje/package.json
6 verbose cache add [ './', null ]
7 verbose cache add name=undefined spec="./" args=["./",null]
8 verbose parsed url { protocol: null,
8 verbose parsed url   slashes: null,
8 verbose parsed url   auth: null,
8 verbose parsed url   host: null,
8 verbose parsed url   port: null,
8 verbose parsed url   hostname: null,
8 verbose parsed url   hash: null,
8 verbose parsed url   search: null,
8 verbose parsed url   query: null,
8 verbose parsed url   pathname: './',
8 verbose parsed url   path: './',
8 verbose parsed url   href: './' }
9 silly lockFile 0ee6c175- ./
10 verbose lock ./ /home/fetcher/.npm/0ee6c175-.lock
11 verbose read json package.json
12 verbose tar pack [ '/home/fetcher/tmp/npm-13833/1373072795255-0.28201811597682536/tmp.tgz',
12 verbose tar pack   './' ]
13 verbose tarball /home/fetcher/tmp/npm-13833/1373072795255-0.28201811597682536/tmp.tgz
14 verbose folder ./
15 info prepublish monje@1.1.2
16 silly lockFile 0ee6c175- ./
17 verbose lock ./ /home/fetcher/.npm/0ee6c175-.lock
18 silly lockFile 59f12055-5255-0-28201811597682536-tmp-tgz /home/fetcher/tmp/npm-13833/1373072795255-0.28201811597682536/tmp.tgz
19 verbose lock /home/fetcher/tmp/npm-13833/1373072795255-0.28201811597682536/tmp.tgz /home/fetcher/.npm/59f12055-5255-0-28201811597682536-tmp-tgz.lock
20 silly lockFile 0ee6c175- ./
21 silly lockFile 0ee6c175- ./
22 silly lockFile 59f12055-5255-0-28201811597682536-tmp-tgz /home/fetcher/tmp/npm-13833/1373072795255-0.28201811597682536/tmp.tgz
23 silly lockFile 59f12055-5255-0-28201811597682536-tmp-tgz /home/fetcher/tmp/npm-13833/1373072795255-0.28201811597682536/tmp.tgz
24 verbose tar unpack /home/fetcher/tmp/npm-13833/1373072795255-0.28201811597682536/tmp.tgz
25 silly lockFile cf272e76-5255-0-28201811597682536-package /home/fetcher/tmp/npm-13833/1373072795255-0.28201811597682536/package
26 verbose lock /home/fetcher/tmp/npm-13833/1373072795255-0.28201811597682536/package /home/fetcher/.npm/cf272e76-5255-0-28201811597682536-package.lock
27 silly lockFile 59f12055-5255-0-28201811597682536-tmp-tgz /home/fetcher/tmp/npm-13833/1373072795255-0.28201811597682536/tmp.tgz
28 verbose lock /home/fetcher/tmp/npm-13833/1373072795255-0.28201811597682536/tmp.tgz /home/fetcher/.npm/59f12055-5255-0-28201811597682536-tmp-tgz.lock
29 silly gunzTarPerm modes [ '755', '644' ]
30 silly gunzTarPerm extractEntry package.json
31 silly gunzTarPerm modified mode [ 'package.json', 436, 420 ]
32 silly gunzTarPerm extractEntry .npmignore
33 silly gunzTarPerm modified mode [ '.npmignore', 436, 420 ]
34 silly gunzTarPerm extractEntry README.md
35 silly gunzTarPerm modified mode [ 'README.md', 436, 420 ]
36 silly gunzTarPerm extractEntry index.js
37 silly gunzTarPerm modified mode [ 'index.js', 436, 420 ]
38 silly gunzTarPerm extractEntry lib/monje/index.js
39 silly gunzTarPerm modified mode [ 'lib/monje/index.js', 436, 420 ]
40 verbose read json /home/fetcher/tmp/npm-13833/1373072795255-0.28201811597682536/package/package.json
41 silly lockFile cf272e76-5255-0-28201811597682536-package /home/fetcher/tmp/npm-13833/1373072795255-0.28201811597682536/package
42 silly lockFile cf272e76-5255-0-28201811597682536-package /home/fetcher/tmp/npm-13833/1373072795255-0.28201811597682536/package
43 silly lockFile 59f12055-5255-0-28201811597682536-tmp-tgz /home/fetcher/tmp/npm-13833/1373072795255-0.28201811597682536/tmp.tgz
44 silly lockFile 59f12055-5255-0-28201811597682536-tmp-tgz /home/fetcher/tmp/npm-13833/1373072795255-0.28201811597682536/tmp.tgz
45 verbose from cache /home/fetcher/tmp/npm-13833/1373072795255-0.28201811597682536/package/package.json
46 verbose tar pack [ '/home/fetcher/.npm/monje/1.1.2/package.tgz',
46 verbose tar pack   '/home/fetcher/tmp/npm-13833/1373072795255-0.28201811597682536/package' ]
47 verbose tarball /home/fetcher/.npm/monje/1.1.2/package.tgz
48 verbose folder /home/fetcher/tmp/npm-13833/1373072795255-0.28201811597682536/package
49 silly lockFile cf272e76-5255-0-28201811597682536-package /home/fetcher/tmp/npm-13833/1373072795255-0.28201811597682536/package
50 verbose lock /home/fetcher/tmp/npm-13833/1373072795255-0.28201811597682536/package /home/fetcher/.npm/cf272e76-5255-0-28201811597682536-package.lock
51 silly lockFile 44f5069e-cher-npm-monje-1-1-2-package-tgz /home/fetcher/.npm/monje/1.1.2/package.tgz
52 verbose lock /home/fetcher/.npm/monje/1.1.2/package.tgz /home/fetcher/.npm/44f5069e-cher-npm-monje-1-1-2-package-tgz.lock
53 silly lockFile cf272e76-5255-0-28201811597682536-package /home/fetcher/tmp/npm-13833/1373072795255-0.28201811597682536/package
54 silly lockFile cf272e76-5255-0-28201811597682536-package /home/fetcher/tmp/npm-13833/1373072795255-0.28201811597682536/package
55 silly lockFile 44f5069e-cher-npm-monje-1-1-2-package-tgz /home/fetcher/.npm/monje/1.1.2/package.tgz
56 silly lockFile 44f5069e-cher-npm-monje-1-1-2-package-tgz /home/fetcher/.npm/monje/1.1.2/package.tgz
57 silly lockFile e5fa186a--fetcher-npm-monje-1-1-2-package /home/fetcher/.npm/monje/1.1.2/package
58 verbose lock /home/fetcher/.npm/monje/1.1.2/package /home/fetcher/.npm/e5fa186a--fetcher-npm-monje-1-1-2-package.lock
59 silly lockFile e5fa186a--fetcher-npm-monje-1-1-2-package /home/fetcher/.npm/monje/1.1.2/package
60 silly lockFile e5fa186a--fetcher-npm-monje-1-1-2-package /home/fetcher/.npm/monje/1.1.2/package
61 verbose tar unpack /home/fetcher/.npm/monje/1.1.2/package.tgz
62 silly lockFile e5fa186a--fetcher-npm-monje-1-1-2-package /home/fetcher/.npm/monje/1.1.2/package
63 verbose lock /home/fetcher/.npm/monje/1.1.2/package /home/fetcher/.npm/e5fa186a--fetcher-npm-monje-1-1-2-package.lock
64 silly lockFile 44f5069e-cher-npm-monje-1-1-2-package-tgz /home/fetcher/.npm/monje/1.1.2/package.tgz
65 verbose lock /home/fetcher/.npm/monje/1.1.2/package.tgz /home/fetcher/.npm/44f5069e-cher-npm-monje-1-1-2-package-tgz.lock
66 silly gunzTarPerm modes [ '755', '644' ]
67 silly gunzTarPerm extractEntry package.json
68 silly gunzTarPerm extractEntry .npmignore
69 silly gunzTarPerm extractEntry README.md
70 silly gunzTarPerm extractEntry index.js
71 silly gunzTarPerm extractEntry lib/monje/index.js
72 verbose read json /home/fetcher/.npm/monje/1.1.2/package/package.json
73 silly lockFile e5fa186a--fetcher-npm-monje-1-1-2-package /home/fetcher/.npm/monje/1.1.2/package
74 silly lockFile e5fa186a--fetcher-npm-monje-1-1-2-package /home/fetcher/.npm/monje/1.1.2/package
75 silly lockFile 44f5069e-cher-npm-monje-1-1-2-package-tgz /home/fetcher/.npm/monje/1.1.2/package.tgz
76 silly lockFile 44f5069e-cher-npm-monje-1-1-2-package-tgz /home/fetcher/.npm/monje/1.1.2/package.tgz
77 silly shasum updated bytes 3529
78 info shasum a353551f02e3146484af94558bb973631eb4ca7d
78 info shasum /home/fetcher/.npm/monje/1.1.2/package.tgz
79 verbose from cache /home/fetcher/.npm/monje/1.1.2/package/package.json
80 verbose chmod /home/fetcher/.npm/monje/1.1.2/package.tgz 644
81 verbose chown /home/fetcher/.npm/monje/1.1.2/package.tgz [ 1000, 1000 ]
82 silly lockFile 0ee6c175- ./
83 silly publish { name: 'monje',
83 silly publish   description: 'JSTP bindings for MongoDB',
83 silly publish   version: '1.1.2',
83 silly publish   contributors:
83 silly publish    [ { name: 'Fernando Vía Canel', email: 'fernando.via@gmail.com' },
83 silly publish      { name: 'Luciano Bertenasco', email: 'lbertenasco@gmail.com' } ],
83 silly publish   dependencies: { jstp: '1.1.5', mongodb: '1.3.9' },
83 silly publish   keywords:
83 silly publish    [ 'jstp',
83 silly publish      'websocket',
83 silly publish      'json',
83 silly publish      'distributed',
83 silly publish      'mongodb',
83 silly publish      'crud',
83 silly publish      'database' ],
83 silly publish   repository: { type: 'git', url: 'git://github.com/Fetcher/monje' },
83 silly publish   main: 'index',
83 silly publish   engines: { node: '*' },
83 silly publish   readme: 'monje\n=====\n\nJSTP bindings for MongoDB. Awesome, right?\n\nWhat is this?\n-------------\n\n[JSTP](https://github.com/Fetcher/jstp-rfc) is an asynchronous, JSON based, REST-like protocol for the real time web. [MongoDB](http://www.mongodb.org/) is an awesome NoSQL database. \n\nAnd **monje** is a tool to interact with the MongoDB via JSTP. **monje** provides, via JSTP, a nice REST-like interface, but faster than HTTP and quite more flexible. \n\nHow to use?\n-----------\n\n### Installation\n\n    npm install monje\n\n### API\n\nThe API is unstable yet, and some knowledge of JSTP and the [node-jstp](https://github.com/Fetcher/node-jstp) library is needed in order to set up the JSTP Engine, but the endpoint setup is roughly described in the [Roadmap](https://github.com/Fetcher/monje/issues/1) so **monje** can be played with.\n\nIn other words, stay tuned!\n\nLicense\n-------\n\nCopyright © 2013 SouthLogics\n\n    This program is free software: you can redistribute it and/or modify\n    it under the terms of the GNU General Public License as published by\n    the Free Software Foundation, either version 3 of the License, or\n    (at your option) any later version.\n\n    This program is distributed in the hope that it will be useful,\n    but WITHOUT ANY WARRANTY; without even the implied warranty of\n    MERCHANTABILITY or FITNESS FOR A PARTICULAR PURPOSE.  See the\n    GNU General Public License for more details.\n\n    You should have received a copy of the GNU General Public License\n    along with this program.  If not, see <http://www.gnu.org/licenses/>.\n',
83 silly publish   readmeFilename: 'README.md',
83 silly publish   _id: 'monje@1.1.2',
83 silly publish   dist: { shasum: 'a353551f02e3146484af94558bb973631eb4ca7d' },
83 silly publish   _from: './' }
84 verbose url raw monje
85 verbose url resolving [ 'https://registry.npmjs.org/', './monje' ]
86 verbose url resolved https://registry.npmjs.org/monje
87 info trying registry request attempt 1 at 22:06:46
88 http PUT https://registry.npmjs.org/monje
89 http 409 https://registry.npmjs.org/monje
90 verbose url raw monje
91 verbose url resolving [ 'https://registry.npmjs.org/', './monje' ]
92 verbose url resolved https://registry.npmjs.org/monje
93 info trying registry request attempt 1 at 22:06:49
94 http GET https://registry.npmjs.org/monje
95 http 200 https://registry.npmjs.org/monje
96 error publish fail Cannot publish over existing version.
96 error publish fail Update the 'version' field in package.json and try again.
96 error publish fail
96 error publish fail If the previous version was published in error, see:
96 error publish fail     npm help unpublish
96 error publish fail
96 error publish fail To automatically increment version numbers, see:
96 error publish fail     npm help version
97 error System Linux 3.8.0-25-generic
98 error command "/usr/local/bin/node" "/usr/local/bin/npm" "publish" "./"
99 error cwd /home/fetcher/Code/monje
100 error node -v v0.10.2
101 error npm -v 1.2.15
102 error code EPUBLISHCONFLICT
103 verbose exit [ 1, true ]
